0 info it worked if it ends with ok
1 verbose cli [ 'C:\\Program Files\\nodejs\\node.exe',
1 verbose cli   'C:\\Program Files\\nodejs\\node_modules\\npm\\bin\\npm-cli.js',
1 verbose cli   'install',
1 verbose cli   'jquery-ui@1.11.4' ]
2 info using npm@2.14.12
3 info using node@v4.3.0
4 verbose install initial load of D:\FabFood\package.json
5 verbose installManyTop reading scoped package data from D:\FabFood\node_modules\angular-route\package.json
6 verbose installManyTop reading scoped package data from D:\FabFood\node_modules\bcryptjs\package.json
7 verbose installManyTop reading scoped package data from D:\FabFood\node_modules\body-parser\package.json
8 verbose installManyTop reading scoped package data from D:\FabFood\node_modules\browserify\package.json
9 verbose installManyTop reading scoped package data from D:\FabFood\node_modules\connect-flash\package.json
10 verbose installManyTop reading scoped package data from D:\FabFood\node_modules\cookie-parser\package.json
11 verbose installManyTop reading scoped package data from D:\FabFood\node_modules\debug\package.json
12 verbose installManyTop reading scoped package data from D:\FabFood\node_modules\ejs\package.json
13 verbose installManyTop reading scoped package data from D:\FabFood\node_modules\express\package.json
14 verbose installManyTop reading scoped package data from D:\FabFood\node_modules\express-messages\package.json
15 verbose installManyTop reading scoped package data from D:\FabFood\node_modules\express-myconnection\package.json
16 verbose installManyTop reading scoped package data from D:\FabFood\node_modules\express-session\package.json
17 verbose installManyTop reading scoped package data from D:\FabFood\node_modules\express-validator\package.json
18 verbose installManyTop reading scoped package data from D:\FabFood\node_modules\http\package.json
19 verbose installManyTop reading scoped package data from D:\FabFood\node_modules\jade\package.json
20 verbose installManyTop reading scoped package data from D:\FabFood\node_modules\jwt-simple\package.json
21 verbose installManyTop reading scoped package data from D:\FabFood\node_modules\mongodb\package.json
22 verbose installManyTop reading scoped package data from D:\FabFood\node_modules\mongojs\package.json
23 verbose installManyTop reading scoped package data from D:\FabFood\node_modules\mongoose\package.json
24 verbose installManyTop reading scoped package data from D:\FabFood\node_modules\morgan\package.json
25 verbose installManyTop reading scoped package data from D:\FabFood\node_modules\mysql\package.json
26 verbose installManyTop reading scoped package data from D:\FabFood\node_modules\ngCart\package.json
27 verbose installManyTop reading scoped package data from D:\FabFood\node_modules\node-gyp\package.json
28 verbose installManyTop reading scoped package data from D:\FabFood\node_modules\passport\package.json
29 verbose installManyTop reading scoped package data from D:\FabFood\node_modules\passport-http\package.json
30 verbose installManyTop reading scoped package data from D:\FabFood\node_modules\passport-jwt\package.json
31 verbose installManyTop reading scoped package data from D:\FabFood\node_modules\passport-local\package.json
32 verbose installManyTop reading scoped package data from D:\FabFood\node_modules\passport-local-mongoose\package.json
33 verbose installManyTop reading scoped package data from D:\FabFood\node_modules\serve-favicon\package.json
34 info package.json connect-flash@0.1.1 No license field.
35 info package.json http@0.0.0 http is also the name of a node core module.
36 info package.json http@0.0.0 No description
37 info package.json http@0.0.0 No repository field.
38 info package.json passport-local@1.0.0 No license field.
39 info package.json passport-http@0.3.0 No license field.
40 info package.json express-messages@1.0.1 No license field.
41 verbose readDependencies loading dependencies from D:\FabFood\package.json
42 silly cache add args [ 'jquery-ui@1.11.4', null ]
43 verbose cache add spec jquery-ui@1.11.4
44 silly cache add parsed spec Result {
44 silly cache add   raw: 'jquery-ui@1.11.4',
44 silly cache add   scope: null,
44 silly cache add   name: 'jquery-ui',
44 silly cache add   rawSpec: '1.11.4',
44 silly cache add   spec: '1.11.4',
44 silly cache add   type: 'version' }
45 silly addNamed jquery-ui@1.11.4
46 verbose addNamed "1.11.4" is a plain semver version for jquery-ui
47 silly mapToRegistry name jquery-ui
48 silly mapToRegistry using default registry
49 silly mapToRegistry registry https://registry.npmjs.org/
50 silly mapToRegistry uri https://registry.npmjs.org/jquery-ui
51 verbose addNameVersion registry:https://registry.npmjs.org/jquery-ui not in flight; fetching
52 verbose request uri https://registry.npmjs.org/jquery-ui
53 verbose request no auth needed
54 info attempt registry request try #1 at 1:27:54 PM
55 verbose request id 28518a28cdd9af7d
56 http request GET https://registry.npmjs.org/jquery-ui
57 http 200 https://registry.npmjs.org/jquery-ui
58 verbose headers { server: 'CouchDB/1.5.0 (Erlang OTP/R16B03)',
58 verbose headers   etag: '"3I1YTZBVSSV07MYRDX4QJ7XAX"',
58 verbose headers   'content-type': 'application/json',
58 verbose headers   'content-encoding': 'gzip',
58 verbose headers   'cache-control': 'max-age=300',
58 verbose headers   'content-length': '3228',
58 verbose headers   'accept-ranges': 'bytes',
58 verbose headers   date: 'Fri, 02 Sep 2016 08:01:13 GMT',
58 verbose headers   via: '1.1 varnish',
58 verbose headers   age: '125',
58 verbose headers   connection: 'keep-alive',
58 verbose headers   'x-served-by': 'cache-sin6924-SIN',
58 verbose headers   'x-cache': 'HIT',
58 verbose headers   'x-cache-hits': '1',
58 verbose headers   'x-timer': 'S1472803273.808468,VS0,VE0',
58 verbose headers   vary: 'Accept-Encoding' }
59 silly get cb [ 200,
59 silly get   { server: 'CouchDB/1.5.0 (Erlang OTP/R16B03)',
59 silly get     etag: '"3I1YTZBVSSV07MYRDX4QJ7XAX"',
59 silly get     'content-type': 'application/json',
59 silly get     'content-encoding': 'gzip',
59 silly get     'cache-control': 'max-age=300',
59 silly get     'content-length': '3228',
59 silly get     'accept-ranges': 'bytes',
59 silly get     date: 'Fri, 02 Sep 2016 08:01:13 GMT',
59 silly get     via: '1.1 varnish',
59 silly get     age: '125',
59 silly get     connection: 'keep-alive',
59 silly get     'x-served-by': 'cache-sin6924-SIN',
59 silly get     'x-cache': 'HIT',
59 silly get     'x-cache-hits': '1',
59 silly get     'x-timer': 'S1472803273.808468,VS0,VE0',
59 silly get     vary: 'Accept-Encoding' } ]
60 verbose get saving jquery-ui to C:\Users\Ruchika\AppData\Roaming\npm-cache\registry.npmjs.org\jquery-ui\.cache.json
61 verbose stack Error: version not found: jquery-ui@1.11.4
61 verbose stack     at setData (C:\Program Files\nodejs\node_modules\npm\lib\cache\add-named.js:137:12)
61 verbose stack     at RES (C:\Program Files\nodejs\node_modules\npm\node_modules\inflight\inflight.js:23:14)
61 verbose stack     at f (C:\Program Files\nodejs\node_modules\npm\node_modules\once\once.js:17:25)
61 verbose stack     at fixName (C:\Program Files\nodejs\node_modules\npm\lib\cache\add-named.js:29:5)
61 verbose stack     at saved (C:\Program Files\nodejs\node_modules\npm\lib\cache\caching-client.js:173:7)
61 verbose stack     at C:\Program Files\nodejs\node_modules\npm\node_modules\graceful-fs\polyfills.js:210:7
61 verbose stack     at FSReqWrap.oncomplete (fs.js:82:15)
62 verbose statusCode 404
63 verbose cwd D:\FabFood
64 error Windows_NT 10.0.10240
65 error argv "C:\\Program Files\\nodejs\\node.exe" "C:\\Program Files\\nodejs\\node_modules\\npm\\bin\\npm-cli.js" "install" "jquery-ui@1.11.4"
66 error node v4.3.0
67 error npm  v2.14.12
68 error version not found: jquery-ui@1.11.4
69 error If you need help, you may report this error at:
69 error     <https://github.com/npm/npm/issues>
70 verbose exit [ 1, true ]
